#
# A fatal error has been detected by the Java Runtime Environment:
#
#  Internal Error (javaClasses.cpp:124), pid=2108, tid=15408
#  fatal error: Invalid layout of preloaded class
#
# JRE version:  (8.0_11-b12) (build )
# Java VM: Java HotSpot(TM) 64-Bit Server VM (25.11-b03 mixed mode windows-amd64 compressed oops)
# Failed to write core dump. Minidumps are not enabled by default on client versions of Windows
#
# If you would like to submit a bug report, please visit:
#   http://bugreport.sun.com/bugreport/crash.jsp
#

---------------  T H R E A D  ---------------

Current thread (0x0000000002e80800):  JavaThread "Unknown thread" [_thread_in_vm, id=15408, stack(0x0000000002940000,0x0000000002a40000)]

Stack: [0x0000000002940000,0x0000000002a40000]
Native frames: (J=compiled Java code, j=interpreted, Vv=VM code, C=native code)
V  [jvm.dll+0x308eca]
V  [jvm.dll+0x25e121]
V  [jvm.dll+0x25ed33]
V  [jvm.dll+0x256686]
V  [jvm.dll+0x5d4cc]
V  [jvm.dll+0x5d5c3]
V  [jvm.dll+0x71efa]
V  [jvm.dll+0x72258]
V  [jvm.dll+0xe1927]
V  [jvm.dll+0xe1cb6]
V  [jvm.dll+0x1f1407]
V  [jvm.dll+0x2229b4]
V  [jvm.dll+0x14a151]
C  [javaw.exe+0x208a]
C  [javaw.exe+0xc9fb]
C  [javaw.exe+0xca8f]
C  [KERNEL32.DLL+0x18102]
C  [ntdll.dll+0x5c5b4]


---------------  P R O C E S S  ---------------

Java Threads: ( => current thread )

Other Threads:

=>0x0000000002e80800 (exited) JavaThread "Unknown thread" [_thread_in_vm, id=15408, stack(0x0000000002940000,0x0000000002a40000)]

VM state:not at safepoint (not fully initialized)

VM Mutex/Monitor currently owned by a thread: None

GC Heap History (0 events):
No events

Deoptimization events (0 events):
No events

Internal exceptions (0 events):
No events

Events (10 events):
Event: 0.010 loading class java/lang/CharSequence done
Event: 0.010 loading class java/lang/String done
Event: 0.010 loading class java/lang/Class
Event: 0.010 loading class java/lang/reflect/AnnotatedElement
Event: 0.010 loading class java/lang/reflect/AnnotatedElement done
Event: 0.010 loading class java/lang/reflect/GenericDeclaration
Event: 0.010 loading class java/lang/reflect/GenericDeclaration done
Event: 0.010 loading class java/lang/reflect/Type
Event: 0.010 loading class java/lang/reflect/Type done
Event: 0.010 loading class java/lang/Class done


Dynamic libraries:
0x00007ff776800000 - 0x00007ff776834000 	D:\Java\jre8\bin\javaw.exe
0x00007ffbfe620000 - 0x00007ffbfe7e1000 	C:\WINDOWS\SYSTEM32\ntdll.dll
0x00007ffbfbd30000 - 0x00007ffbfbddd000 	C:\WINDOWS\system32\KERNEL32.DLL
0x00007ffbfb540000 - 0x00007ffbfb728000 	C:\WINDOWS\system32\KERNELBASE.dll
0x00007ffbfc010000 - 0x00007ffbfc0b7000 	C:\WINDOWS\system32\ADVAPI32.dll
0x00007ffbfbb80000 - 0x00007ffbfbc1d000 	C:\WINDOWS\system32\msvcrt.dll
0x00007ffbfc1f0000 - 0x00007ffbfc24b000 	C:\WINDOWS\system32\sechost.dll
0x00007ffbfc2c0000 - 0x00007ffbfc3dc000 	C:\WINDOWS\system32\RPCRT4.dll
0x00007ffbfcb20000 - 0x00007ffbfcc76000 	C:\WINDOWS\system32\USER32.dll
0x00007ffbfc570000 - 0x00007ffbfc6f6000 	C:\WINDOWS\system32\GDI32.dll
0x00007ffbf6c60000 - 0x00007ffbf6ed4000 	C:\WINDOWS\WinSxS\amd64_microsoft.windows.common-controls_6595b64144ccf1df_6.0.10586.494_none_a2d8b04ea53e3145\COMCTL32.dll
0x00007ffbfc710000 - 0x00007ffbfc98d000 	C:\WINDOWS\system32\combase.dll
0x00007ffbfb730000 - 0x00007ffbfb79a000 	C:\WINDOWS\system32\bcryptPrimitives.dll
0x00007ffbfc530000 - 0x00007ffbfc56b000 	C:\WINDOWS\system32\IMM32.DLL
0x0000000074d20000 - 0x0000000074df2000 	D:\Java\jre8\bin\msvcr100.dll
0x0000000074240000 - 0x0000000074a6a000 	D:\Java\jre8\bin\server\jvm.dll
0x00007ffbfc700000 - 0x00007ffbfc708000 	C:\WINDOWS\system32\PSAPI.DLL
0x00007ffbec8a0000 - 0x00007ffbec8a9000 	C:\WINDOWS\SYSTEM32\WSOCK32.dll
0x00007ffbf8d30000 - 0x00007ffbf8d53000 	C:\WINDOWS\SYSTEM32\WINMM.dll
0x00007ffbfc250000 - 0x00007ffbfc2bb000 	C:\WINDOWS\system32\WS2_32.dll
0x00007ffbf8c20000 - 0x00007ffbf8c4c000 	C:\WINDOWS\SYSTEM32\WINMMBASE.dll
0x00007ffbfacd0000 - 0x00007ffbfad13000 	C:\WINDOWS\system32\cfgmgr32.dll
0x0000000074d10000 - 0x0000000074d1f000 	D:\Java\jre8\bin\verify.dll
0x0000000074ce0000 - 0x0000000074d08000 	D:\Java\jre8\bin\java.dll
0x0000000074cc0000 - 0x0000000074cd6000 	D:\Java\jre8\bin\zip.dll
0x00007ffbd9ac0000 - 0x00007ffbd9c4c000 	C:\WINDOWS\SYSTEM32\dbghelp.dll

VM Arguments:
jvm_args: -Dfile.encoding=GBK -Xbootclasspath:D:\adt-bundle-windows-x86_64-20140702\sdk\platforms\android-19\android.jar 
java_command: com.example.myhellodx.Hello
java_class_path (initial): E:\workspace\MyHelloDx\bin\classes;E:\workspace\MyHelloDx\libs\android-support-v4.jar
Launcher Type: SUN_STANDARD

Environment Variables:
JAVA_HOME=D:\jdk1.8.0_11
CLASSPATH=.;D:\jdk1.8.0_11\lib\dt.jar;D:\jdk1.8.0_11\lib\tools.jar;
PATH=C:\Program Files (x86)\Intel\iCLS Client\;C:\Program Files\Intel\iCLS Client\;C:\WINDOWS\system32;C:\WINDOWS;C:\WINDOWS\System32\Wbem;C:\WINDOWS\System32\WindowsPowerShell\v1.0\;C:\Program Files\Intel\Intel(R) Management Engine Components\DAL;C:\Program Files\Intel\Intel(R) Management Engine Components\IPT;C:\Program Files (x86)\Intel\Intel(R) Management Engine Components\DAL;C:\Program Files (x86)\Intel\Intel(R) Management Engine Components\IPT;C:\Program Files (x86)\Lenovo\Lenovo Home\;D:\jdk1.8.0_11\bin;D:\jdk1.8.0_11\jre\bin;C:\Program Files (x86)\Common Files\Thunder Network\KanKan\Codecs;D:\adt-bundle-windows-x86_64-20140702\sdk\platform-tools;C:\Program Files (x86)\Common Files\Autodesk Shared\;C:\Program Files\Common Files\Autodesk Shared\;D:\apktool\;D:\jd-gui\;D:\dex2jar\;D:\adt-bundle-windows-x86_64-20140702\sdk\build-tools\android-4.4W
USERNAME=иж
OS=Windows_NT
PROCESSOR_IDENTIFIER=Intel64 Family 6 Model 60 Stepping 3, GenuineIntel



---------------  S Y S T E M  ---------------

OS: Windows 8.1 , 64 bit Build 9600 

CPU:total 8 (4 cores per cpu, 2 threads per core) family 6 model 60 stepping 3, cmov, cx8, fxsr, mmx, sse, sse2, sse3, ssse3, sse4.1, sse4.2, popcnt, avx, avx2, aes, clmul, erms, ht, tsc, tscinvbit

Memory: 4k page, physical 8298776k(4363536k free), swap 8823064k(3923820k free)

vm_info: Java HotSpot(TM) 64-Bit Server VM (25.11-b03) for windows-amd64 JRE (1.8.0_11-b12), built on Jun 16 2014 20:57:32 by "java_re" with MS VC++ 10.0 (VS2010)

time: Sat Aug 13 19:22:25 2016
elapsed time: 0 seconds

